<test>
    <message>Hello, World!</message>
</test>